<?xml version="1.0" encoding="UTF-8"?>
<!-- Generated by org.testng.reporters.JUnitXMLReporter -->
<testsuite hostname="Kamini92" ignored="2" name="Test" tests="4" failures="0" timestamp="21 Apr 2023 09:10:50 GMT" time="0.027" errors="0">
  <testcase name="test2" time="0.0" classname="test.HomeLoanTest"/>
  <testcase name="test1" time="0.0" classname="test.HomeLoanTest"/>
  <testcase name="test3" time="0.0" classname="test.CarLoanTest"/>
  <testcase name="test4" time="0.0" classname="test.CreditCardTest"/>
  <testcase name="@AfterTest method4" time="0.0" classname="test.BaseClass">
    <ignored/>
  </testcase> <!-- @AfterTest method4 -->
  <testcase name="@BeforeTest method3" time="0.0" classname="test.BaseClass">
    <ignored/>
  </testcase> <!-- @BeforeTest method3 -->
</testsuite> <!-- Test -->
