<?xml version="1.0" encoding="UTF-8"?>
<!-- Generated by org.testng.reporters.JUnitXMLReporter -->
<testsuite ignored="2" hostname="Kamini92" failures="0" tests="4" name="Test" time="0.028" errors="0" timestamp="21 Apr 2023 08:38:14 GMT">
  <testcase classname="test.HomeLoanTest" name="test2" time="0.002"/>
  <testcase classname="test.HomeLoanTest" name="test1" time="0.001"/>
  <testcase classname="test.CarLoanTest" name="test3" time="0.001"/>
  <testcase classname="test.CreditCardTest" name="test4" time="0.0"/>
  <testcase classname="test.BaseClass" name="@AfterTest method4" time="0.0">
    <ignored/>
  </testcase> <!-- @AfterTest method4 -->
  <testcase classname="test.BaseClass" name="@BeforeTest method3" time="0.0">
    <ignored/>
  </testcase> <!-- @BeforeTest method3 -->
</testsuite> <!-- Test -->
