<?xml version="1.0" encoding="UTF-8"?>
<!-- Generated by org.testng.reporters.JUnitXMLReporter -->
<testsuite ignored="2" hostname="Kamini92" failures="0" tests="2" name="Test" time="0.022" errors="0" timestamp="21 Apr 2023 08:58:22 GMT">
  <testcase classname="test.HomeLoanTest" name="test2" time="0.005"/>
  <testcase classname="test.CreditCardTest" name="test4" time="0.001"/>
  <testcase classname="test.CarLoanTest" name="test3" time="0.0">
    <ignored/>
  </testcase> <!-- test3 -->
  <testcase classname="test.HomeLoanTest" name="test1" time="0.0">
    <ignored/>
  </testcase> <!-- test1 -->
</testsuite> <!-- Test -->
