<?xml version="1.0" encoding="UTF-8"?>
<testng-results skipped="0" failed="0" ignored="2" total="6" passed="4">
  <reporter-output>
  </reporter-output>
  <suite name="regression" duration-ms="27" started-at="2023-04-21T09:10:50Z" finished-at="2023-04-21T09:10:50Z">
    <groups>
      <group name="sanity">
        <method signature="CreditCardTest.test4()[pri:0, instance:test.CreditCardTest@282003e1]" name="test4" class="test.CreditCardTest"/>
        <method signature="HomeLoanTest.test2()[pri:0, instance:test.HomeLoanTest@701fc37a]" name="test2" class="test.HomeLoanTest"/>
      </group> <!-- sanity -->
    </groups>
    <test name="Test" duration-ms="27" started-at="2023-04-21T09:10:50Z" finished-at="2023-04-21T09:10:50Z">
      <class name="test.CreditCardTest">
        <test-method status="PASS" signature="test4()[pri:0, instance:test.CreditCardTest@282003e1]" name="test4" duration-ms="0" started-at="2023-04-21T09:10:50Z" finished-at="2023-04-21T09:10:50Z">
          <reporter-output>
          </reporter-output>
        </test-method> <!-- test4 -->
      </class> <!-- test.CreditCardTest -->
      <class name="test.HomeLoanTest">
        <test-method status="PASS" signature="method3()[pri:0, instance:test.HomeLoanTest@701fc37a]" name="method3" is-config="true" duration-ms="7" started-at="2023-04-21T09:10:50Z" finished-at="2023-04-21T09:10:50Z">
          <reporter-output>
          </reporter-output>
        </test-method> <!-- method3 -->
        <test-method status="PASS" signature="method1()[pri:0, instance:test.HomeLoanTest@701fc37a]" name="method1" is-config="true" duration-ms="1" started-at="2023-04-21T09:10:50Z" finished-at="2023-04-21T09:10:50Z">
          <reporter-output>
          </reporter-output>
        </test-method> <!-- method1 -->
        <test-method status="PASS" signature="test2()[pri:0, instance:test.HomeLoanTest@701fc37a]" name="test2" duration-ms="0" started-at="2023-04-21T09:10:50Z" finished-at="2023-04-21T09:10:50Z">
          <reporter-output>
          </reporter-output>
        </test-method> <!-- test2 -->
        <test-method status="PASS" signature="method2()[pri:0, instance:test.HomeLoanTest@701fc37a]" name="method2" is-config="true" duration-ms="0" started-at="2023-04-21T09:10:50Z" finished-at="2023-04-21T09:10:50Z">
          <reporter-output>
          </reporter-output>
        </test-method> <!-- method2 -->
        <test-method status="PASS" signature="test1()[pri:0, instance:test.HomeLoanTest@701fc37a]" name="test1" duration-ms="0" started-at="2023-04-21T09:10:50Z" depends-on-methods="test.HomeLoanTest.test2" finished-at="2023-04-21T09:10:50Z">
          <reporter-output>
          </reporter-output>
        </test-method> <!-- test1 -->
        <test-method status="PASS" signature="method1()[pri:0, instance:test.HomeLoanTest@701fc37a]" name="method1" is-config="true" duration-ms="0" started-at="2023-04-21T09:10:50Z" finished-at="2023-04-21T09:10:50Z">
          <reporter-output>
          </reporter-output>
        </test-method> <!-- method1 -->
        <test-method status="PASS" signature="method2()[pri:0, instance:test.HomeLoanTest@701fc37a]" name="method2" is-config="true" duration-ms="0" started-at="2023-04-21T09:10:50Z" finished-at="2023-04-21T09:10:50Z">
          <reporter-output>
          </reporter-output>
        </test-method> <!-- method2 -->
        <test-method status="PASS" signature="method4()[pri:0, instance:test.HomeLoanTest@701fc37a]" name="method4" is-config="true" duration-ms="0" started-at="2023-04-21T09:10:50Z" finished-at="2023-04-21T09:10:50Z">
          <reporter-output>
          </reporter-output>
        </test-method> <!-- method4 -->
      </class> <!-- test.HomeLoanTest -->
      <class name="test.CarLoanTest">
        <test-method status="PASS" signature="test3()[pri:0, instance:test.CarLoanTest@4148db48]" name="test3" duration-ms="0" started-at="2023-04-21T09:10:50Z" finished-at="2023-04-21T09:10:50Z">
          <reporter-output>
          </reporter-output>
        </test-method> <!-- test3 -->
        <test-method status="PASS" signature="method2()[pri:0, instance:test.CarLoanTest@4148db48]" name="method2" is-config="true" duration-ms="0" started-at="2023-04-21T09:10:50Z" finished-at="2023-04-21T09:10:50Z">
          <reporter-output>
          </reporter-output>
        </test-method> <!-- method2 -->
        <test-method status="PASS" signature="method1()[pri:0, instance:test.CarLoanTest@4148db48]" name="method1" is-config="true" duration-ms="0" started-at="2023-04-21T09:10:50Z" finished-at="2023-04-21T09:10:50Z">
          <reporter-output>
          </reporter-output>
        </test-method> <!-- method1 -->
      </class> <!-- test.CarLoanTest -->
    </test> <!-- Test -->
  </suite> <!-- regression -->
</testng-results>
