<?xml version="1.0" encoding="UTF-8"?>
<testng-results ignored="2" total="4" passed="2" failed="0" skipped="0">
  <reporter-output>
  </reporter-output>
  <suite started-at="2023-04-21T08:58:22Z" name="Regression" finished-at="2023-04-21T08:58:22Z" duration-ms="22">
    <groups>
      <group name="sanity">
        <method signature="CreditCardTest.test4()[pri:0, instance:test.CreditCardTest@18e36d14]" name="test4" class="test.CreditCardTest"/>
        <method signature="HomeLoanTest.test2()[pri:0, instance:test.HomeLoanTest@418c5a9c]" name="test2" class="test.HomeLoanTest"/>
      </group> <!-- sanity -->
    </groups>
    <test started-at="2023-04-21T08:58:22Z" name="Test" finished-at="2023-04-21T08:58:22Z" duration-ms="22">
      <class name="test.CreditCardTest">
        <test-method signature="test4()[pri:0, instance:test.CreditCardTest@18e36d14]" started-at="2023-04-21T08:58:22Z" name="test4" finished-at="2023-04-21T08:58:22Z" duration-ms="1" status="PASS">
          <reporter-output>
          </reporter-output>
        </test-method> <!-- test4 -->
      </class> <!-- test.CreditCardTest -->
      <class name="test.HomeLoanTest">
        <test-method signature="test2()[pri:0, instance:test.HomeLoanTest@418c5a9c]" started-at="2023-04-21T08:58:22Z" name="test2" finished-at="2023-04-21T08:58:22Z" duration-ms="5" status="PASS">
          <reporter-output>
          </reporter-output>
        </test-method> <!-- test2 -->
      </class> <!-- test.HomeLoanTest -->
    </test> <!-- Test -->
  </suite> <!-- Regression -->
</testng-results>
